==3053652== Memcheck, a memory error detector
==3053652== Copyright (C) 2002-2017, and GNU GPL'd, by Julian Seward et al.
==3053652== Using Valgrind-3.18.1 and LibVEX; rerun with -h for copyright info
==3053652== Command: ./so_long map.ber
==3053652== 
map 9x7
==3053652== 
==3053652== Process terminating with default action of signal 15 (SIGTERM)
==3053652==    at 0x4BD786B: __recvmsg_syscall (recvmsg.c:27)
==3053652==    by 0x4BD786B: recvmsg (recvmsg.c:41)
==3053652==    by 0x4CE6EE7: ??? (in /usr/lib/x86_64-linux-gnu/libxcb.so.1.1.0)
==3053652==    by 0x4CE8007: ??? (in /usr/lib/x86_64-linux-gnu/libxcb.so.1.1.0)
==3053652==    by 0x48CA9CD: ??? (in /usr/lib/x86_64-linux-gnu/libX11.so.6.4.0)
==3053652==    by 0x48CAB67: ??? (in /usr/lib/x86_64-linux-gnu/libX11.so.6.4.0)
==3053652==    by 0x48CDC71: _XEventsQueued (in /usr/lib/x86_64-linux-gnu/libX11.so.6.4.0)
==3053652==    by 0x48BA290: XPending (in /usr/lib/x86_64-linux-gnu/libX11.so.6.4.0)
==3053652==    by 0x405F4E: mlx_loop (in /home/anieto-m/proyectos-42_GIT/solong_2/so_long)
==3053652==    by 0x40424D: game_start (game_init.c:55)
==3053652==    by 0x40269A: load_and_start_game (main.c:67)
==3053652==    by 0x402553: main (main.c:81)
==3053652== 
==3053652== HEAP SUMMARY:
==3053652==     in use at exit: 108,696 bytes in 167 blocks
==3053652==   total heap usage: 66,068 allocs, 65,901 frees, 1,713,693 bytes allocated
==3053652== 
==3053652== 3 bytes in 1 blocks are still reachable in loss record 1 of 78
==3053652==    at 0x4848899: malloc (in /usr/libexec/valgrind/vgpreload_memcheck-amd64-linux.so)
==3053652==    by 0x4B5858E: strdup (strdup.c:42)
==3053652==    by 0x48B8B45: XOpenDisplay (in /usr/lib/x86_64-linux-gnu/libX11.so.6.4.0)
==3053652==    by 0x405C17: mlx_init (in /home/anieto-m/proyectos-42_GIT/solong_2/so_long)
==3053652==    by 0x4043E2: init_mlx (game_utils.c:42)
==3053652==    by 0x404284: init_game_graphics (game_init.c:29)
==3053652==    by 0x404211: game_start (game_init.c:48)
==3053652==    by 0x40269A: load_and_start_game (main.c:67)
==3053652==    by 0x402553: main (main.c:81)
==3053652== 
==3053652== 8 bytes in 1 blocks are still reachable in loss record 2 of 78
==3053652==    at 0x4848899: malloc (in /usr/libexec/valgrind/vgpreload_memcheck-amd64-linux.so)
==3053652==    by 0x4B5858E: strdup (strdup.c:42)
==3053652==    by 0x48B59AE: XInitExtension (in /usr/lib/x86_64-linux-gnu/libX11.so.6.4.0)
==3053652==    by 0x487A820: XextAddDisplay (in /usr/lib/x86_64-linux-gnu/libXext.so.6.4.0)
==3053652==    by 0x487F9E2: XShmQueryVersion (in /usr/lib/x86_64-linux-gnu/libXext.so.6.4.0)
==3053652==    by 0x405A53: mlx_int_deal_shm (in /home/anieto-m/proyectos-42_GIT/solong_2/so_long)
==3053652==    by 0x405CD1: mlx_init (in /home/anieto-m/proyectos-42_GIT/solong_2/so_long)
==3053652==    by 0x4043E2: init_mlx (game_utils.c:42)
==3053652==    by 0x404284: init_game_graphics (game_init.c:29)
==3053652==    by 0x404211: game_start (game_init.c:48)
==3053652==    by 0x40269A: load_and_start_game (main.c:67)
==3053652==    by 0x402553: main (main.c:81)
==3053652== 
==3053652== 8 bytes in 1 blocks are still reachable in loss record 3 of 78
==3053652==    at 0x4848899: malloc (in /usr/libexec/valgrind/vgpreload_memcheck-amd64-linux.so)
==3053652==    by 0x4878B34: ??? (in /usr/lib/x86_64-linux-gnu/libXext.so.6.4.0)
==3053652==    by 0x487A9DF: XextAddDisplay (in /usr/lib/x86_64-linux-gnu/libXext.so.6.4.0)
==3053652==    by 0x487F9E2: XShmQueryVersion (in /usr/lib/x86_64-linux-gnu/libXext.so.6.4.0)
==3053652==    by 0x405A53: mlx_int_deal_shm (in /home/anieto-m/proyectos-42_GIT/solong_2/so_long)
==3053652==    by 0x405CD1: mlx_init (in /home/anieto-m/proyectos-42_GIT/solong_2/so_long)
==3053652==    by 0x4043E2: init_mlx (game_utils.c:42)
==3053652==    by 0x404284: init_game_graphics (game_init.c:29)
==3053652==    by 0x404211: game_start (game_init.c:48)
==3053652==    by 0x40269A: load_and_start_game (main.c:67)
==3053652==    by 0x402553: main (main.c:81)
==3053652== 
==3053652== 10 bytes in 1 blocks are still reachable in loss record 4 of 78
==3053652==    at 0x4848899: malloc (in /usr/libexec/valgrind/vgpreload_memcheck-amd64-linux.so)
==3053652==    by 0x4B5858E: strdup (strdup.c:42)
==3053652==    by 0x48B59AE: XInitExtension (in /usr/lib/x86_64-linux-gnu/libX11.so.6.4.0)
==3053652==    by 0x491F213: XkbUseExtension (in /usr/lib/x86_64-linux-gnu/libX11.so.6.4.0)
==3053652==    by 0x48B96A8: XOpenDisplay (in /usr/lib/x86_64-linux-gnu/libX11.so.6.4.0)
==3053652==    by 0x405C17: mlx_init (in /home/anieto-m/proyectos-42_GIT/solong_2/so_long)
==3053652==    by 0x4043E2: init_mlx (game_utils.c:42)
==3053652==    by 0x404284: init_game_graphics (game_init.c:29)
==3053652==    by 0x404211: game_start (game_init.c:48)
==3053652==    by 0x40269A: load_and_start_game (main.c:67)
==3053652==    by 0x402553: main (main.c:81)
==3053652== 
==3053652== 11 bytes in 1 blocks are still reachable in loss record 5 of 78
==3053652==    at 0x4848899: malloc (in /usr/libexec/valgrind/vgpreload_memcheck-amd64-linux.so)
==3053652==    by 0x4049B3: first_line (get_next_line.c:28)
==3053652==    by 0x404C12: get_next_line (get_next_line.c:114)
==3053652==    by 0x402D0E: read_map_lines (map_lines.c:62)
==3053652==    by 0x403432: handle_file_operations (map_init.c:49)
==3053652==    by 0x4027BC: parse_map (map_parser.c:24)
==3053652==    by 0x402651: load_and_start_game (main.c:61)
==3053652==    by 0x402553: main (main.c:81)
==3053652== 
==3053652== 16 bytes in 1 blocks are still reachable in loss record 6 of 78
==3053652==    at 0x4848899: malloc (in /usr/libexec/valgrind/vgpreload_memcheck-amd64-linux.so)
==3053652==    by 0x4CEA2EE: xcb_connect_to_fd (in /usr/lib/x86_64-linux-gnu/libxcb.so.1.1.0)
==3053652==    by 0x4CEAE6B: xcb_connect_to_display_with_auth_info (in /usr/lib/x86_64-linux-gnu/libxcb.so.1.1.0)
==3053652==    by 0x48C8EE9: _XConnectXCB (in /usr/lib/x86_64-linux-gnu/libX11.so.6.4.0)
==3053652==    by 0x48B8B68: XOpenDisplay (in /usr/lib/x86_64-linux-gnu/libX11.so.6.4.0)
==3053652==    by 0x405C17: mlx_init (in /home/anieto-m/proyectos-42_GIT/solong_2/so_long)
==3053652==    by 0x4043E2: init_mlx (game_utils.c:42)
==3053652==    by 0x404284: init_game_graphics (game_init.c:29)
==3053652==    by 0x404211: game_start (game_init.c:48)
==3053652==    by 0x40269A: load_and_start_game (main.c:67)
==3053652==    by 0x402553: main (main.c:81)
==3053652== 
==3053652== 21 bytes in 1 blocks are still reachable in loss record 7 of 78
==3053652==    at 0x4848899: malloc (in /usr/libexec/valgrind/vgpreload_memcheck-amd64-linux.so)
==3053652==    by 0x48B903E: XOpenDisplay (in /usr/lib/x86_64-linux-gnu/libX11.so.6.4.0)
==3053652==    by 0x405C17: mlx_init (in /home/anieto-m/proyectos-42_GIT/solong_2/so_long)
==3053652==    by 0x4043E2: init_mlx (game_utils.c:42)
==3053652==    by 0x404284: init_game_graphics (game_init.c:29)
==3053652==    by 0x404211: game_start (game_init.c:48)
==3053652==    by 0x40269A: load_and_start_game (main.c:67)
==3053652==    by 0x402553: main (main.c:81)
==3053652== 
==3053652== 24 bytes in 1 blocks are still reachable in loss record 8 of 78
==3053652==    at 0x4848899: malloc (in /usr/libexec/valgrind/vgpreload_memcheck-amd64-linux.so)
==3053652==    by 0x487A041: XextCreateExtension (in /usr/lib/x86_64-linux-gnu/libXext.so.6.4.0)
==3053652==    by 0x487A4CC: ??? (in /usr/lib/x86_64-linux-gnu/libXext.so.6.4.0)
==3053652==    by 0x487A9C8: XextAddDisplay (in /usr/lib/x86_64-linux-gnu/libXext.so.6.4.0)
==3053652==    by 0x487F9E2: XShmQueryVersion (in /usr/lib/x86_64-linux-gnu/libXext.so.6.4.0)
==3053652==    by 0x405A53: mlx_int_deal_shm (in /home/anieto-m/proyectos-42_GIT/solong_2/so_long)
==3053652==    by 0x405CD1: mlx_init (in /home/anieto-m/proyectos-42_GIT/solong_2/so_long)
==3053652==    by 0x4043E2: init_mlx (game_utils.c:42)
==3053652==    by 0x404284: init_game_graphics (game_init.c:29)
==3053652==    by 0x404211: game_start (game_init.c:48)
==3053652==    by 0x40269A: load_and_start_game (main.c:67)
==3053652==    by 0x402553: main (main.c:81)
==3053652== 
==3053652== 24 bytes in 1 blocks are still reachable in loss record 9 of 78
==3053652==    at 0x4848899: malloc (in /usr/libexec/valgrind/vgpreload_memcheck-amd64-linux.so)
==3053652==    by 0x4B5858E: strdup (strdup.c:42)
==3053652==    by 0x48B59AE: XInitExtension (in /usr/lib/x86_64-linux-gnu/libX11.so.6.4.0)
==3053652==    by 0x487A820: XextAddDisplay (in /usr/lib/x86_64-linux-gnu/libXext.so.6.4.0)
==3053652==    by 0x487A50A: ??? (in /usr/lib/x86_64-linux-gnu/libXext.so.6.4.0)
==3053652==    by 0x487A9C8: XextAddDisplay (in /usr/lib/x86_64-linux-gnu/libXext.so.6.4.0)
==3053652==    by 0x487F9E2: XShmQueryVersion (in /usr/lib/x86_64-linux-gnu/libXext.so.6.4.0)
==3053652==    by 0x405A53: mlx_int_deal_shm (in /home/anieto-m/proyectos-42_GIT/solong_2/so_long)
==3053652==    by 0x405CD1: mlx_init (in /home/anieto-m/proyectos-42_GIT/solong_2/so_long)
==3053652==    by 0x4043E2: init_mlx (game_utils.c:42)
==3053652==    by 0x404284: init_game_graphics (game_init.c:29)
==3053652==    by 0x404211: game_start (game_init.c:48)
==3053652== 
==3053652== 24 bytes in 1 blocks are still reachable in loss record 10 of 78
==3053652==    at 0x4848899: malloc (in /usr/libexec/valgrind/vgpreload_memcheck-amd64-linux.so)
==3053652==    by 0x487A9F5: XextAddDisplay (in /usr/lib/x86_64-linux-gnu/libXext.so.6.4.0)
==3053652==    by 0x487F9E2: XShmQueryVersion (in /usr/lib/x86_64-linux-gnu/libXext.so.6.4.0)
==3053652==    by 0x405A53: mlx_int_deal_shm (in /home/anieto-m/proyectos-42_GIT/solong_2/so_long)
==3053652==    by 0x405CD1: mlx_init (in /home/anieto-m/proyectos-42_GIT/solong_2/so_long)
==3053652==    by 0x4043E2: init_mlx (game_utils.c:42)
==3053652==    by 0x404284: init_game_graphics (game_init.c:29)
==3053652==    by 0x404211: game_start (game_init.c:48)
==3053652==    by 0x40269A: load_and_start_game (main.c:67)
==3053652==    by 0x402553: main (main.c:81)
==3053652== 
==3053652== 24 bytes in 1 blocks are still reachable in loss record 11 of 78
==3053652==    at 0x4848899: malloc (in /usr/libexec/valgrind/vgpreload_memcheck-amd64-linux.so)
==3053652==    by 0x48C6A65: ??? (in /usr/lib/x86_64-linux-gnu/libX11.so.6.4.0)
==3053652==    by 0x48CF2C6: _XReply (in /usr/lib/x86_64-linux-gnu/libX11.so.6.4.0)
==3053652==    by 0x48CF77E: XSync (in /usr/lib/x86_64-linux-gnu/libX11.so.6.4.0)
==3053652==    by 0x405FA7: mlx_loop (in /home/anieto-m/proyectos-42_GIT/solong_2/so_long)
==3053652==    by 0x40424D: game_start (game_init.c:55)
==3053652==    by 0x40269A: load_and_start_game (main.c:67)
==3053652==    by 0x402553: main (main.c:81)
==3053652== 
==3053652== 29 bytes in 1 blocks are still reachable in loss record 12 of 78
==3053652==    at 0x4848899: malloc (in /usr/libexec/valgrind/vgpreload_memcheck-amd64-linux.so)
==3053652==    by 0x48B20CD: _XUpdateAtomCache (in /usr/lib/x86_64-linux-gnu/libX11.so.6.4.0)
==3053652==    by 0x48B4929: XInternAtom (in /usr/lib/x86_64-linux-gnu/libX11.so.6.4.0)
==3053652==    by 0x405CC2: mlx_init (in /home/anieto-m/proyectos-42_GIT/solong_2/so_long)
==3053652==    by 0x4043E2: init_mlx (game_utils.c:42)
==3053652==    by 0x404284: init_game_graphics (game_init.c:29)
==3053652==    by 0x404211: game_start (game_init.c:48)
==3053652==    by 0x40269A: load_and_start_game (main.c:67)
==3053652==    by 0x402553: main (main.c:81)
==3053652== 
==3053652== 32 bytes in 1 blocks are still reachable in loss record 13 of 78
==3053652==    at 0x48487A9: malloc (in /usr/libexec/valgrind/vgpreload_memcheck-amd64-linux.so)
==3053652==    by 0x4CEE15E: ??? (in /usr/lib/x86_64-linux-gnu/libxcb.so.1.1.0)
==3053652==    by 0x4CEE237: xcb_get_extension_data (in /usr/lib/x86_64-linux-gnu/libxcb.so.1.1.0)
==3053652==    by 0x4CEE2EE: xcb_prefetch_maximum_request_length (in /usr/lib/x86_64-linux-gnu/libxcb.so.1.1.0)
==3053652==    by 0x4CEE364: xcb_get_maximum_request_length (in /usr/lib/x86_64-linux-gnu/libxcb.so.1.1.0)
==3053652==    by 0x48B952B: XOpenDisplay (in /usr/lib/x86_64-linux-gnu/libX11.so.6.4.0)
==3053652==    by 0x405C17: mlx_init (in /home/anieto-m/proyectos-42_GIT/solong_2/so_long)
==3053652==    by 0x4043E2: init_mlx (game_utils.c:42)
==3053652==    by 0x404284: init_game_graphics (game_init.c:29)
==3053652==    by 0x404211: game_start (game_init.c:48)
==3053652==    by 0x40269A: load_and_start_game (main.c:67)
==3053652==    by 0x402553: main (main.c:81)
==3053652== 
==3053652== 32 bytes in 1 blocks are still reachable in loss record 14 of 78
==3053652==    at 0x4848899: malloc (in /usr/libexec/valgrind/vgpreload_memcheck-amd64-linux.so)
==3053652==    by 0x4CE71B7: ??? (in /usr/lib/x86_64-linux-gnu/libxcb.so.1.1.0)
==3053652==    by 0x4CE7A08: ??? (in /usr/lib/x86_64-linux-gnu/libxcb.so.1.1.0)
==3053652==    by 0x4CE7EB0: ??? (in /usr/lib/x86_64-linux-gnu/libxcb.so.1.1.0)
==3053652==    by 0x4CE8E44: xcb_wait_for_reply (in /usr/lib/x86_64-linux-gnu/libxcb.so.1.1.0)
==3053652==    by 0x4CEE292: xcb_get_extension_data (in /usr/lib/x86_64-linux-gnu/libxcb.so.1.1.0)
==3053652==    by 0x4CEE2EE: xcb_prefetch_maximum_request_length (in /usr/lib/x86_64-linux-gnu/libxcb.so.1.1.0)
==3053652==    by 0x4CEE364: xcb_get_maximum_request_length (in /usr/lib/x86_64-linux-gnu/libxcb.so.1.1.0)
==3053652==    by 0x48B952B: XOpenDisplay (in /usr/lib/x86_64-linux-gnu/libX11.so.6.4.0)
==3053652==    by 0x405C17: mlx_init (in /home/anieto-m/proyectos-42_GIT/solong_2/so_long)
==3053652==    by 0x4043E2: init_mlx (game_utils.c:42)
==3053652==    by 0x404284: init_game_graphics (game_init.c:29)
==3053652== 
==3053652== 32 bytes in 1 blocks are still reachable in loss record 15 of 78
==3053652==    at 0x4848899: malloc (in /usr/libexec/valgrind/vgpreload_memcheck-amd64-linux.so)
==3053652==    by 0x487A7FF: XextAddDisplay (in /usr/lib/x86_64-linux-gnu/libXext.so.6.4.0)
==3053652==    by 0x487F9E2: XShmQueryVersion (in /usr/lib/x86_64-linux-gnu/libXext.so.6.4.0)
==3053652==    by 0x405A53: mlx_int_deal_shm (in /home/anieto-m/proyectos-42_GIT/solong_2/so_long)
==3053652==    by 0x405CD1: mlx_init (in /home/anieto-m/proyectos-42_GIT/solong_2/so_long)
==3053652==    by 0x4043E2: init_mlx (game_utils.c:42)
==3053652==    by 0x404284: init_game_graphics (game_init.c:29)
==3053652==    by 0x404211: game_start (game_init.c:48)
==3053652==    by 0x40269A: load_and_start_game (main.c:67)
==3053652==    by 0x402553: main (main.c:81)
==3053652== 
==3053652== 32 bytes in 1 blocks are still reachable in loss record 16 of 78
==3053652==    at 0x4848899: malloc (in /usr/libexec/valgrind/vgpreload_memcheck-amd64-linux.so)
==3053652==    by 0x487A7FF: XextAddDisplay (in /usr/lib/x86_64-linux-gnu/libXext.so.6.4.0)
==3053652==    by 0x487A50A: ??? (in /usr/lib/x86_64-linux-gnu/libXext.so.6.4.0)
==3053652==    by 0x487A9C8: XextAddDisplay (in /usr/lib/x86_64-linux-gnu/libXext.so.6.4.0)
==3053652==    by 0x487F9E2: XShmQueryVersion (in /usr/lib/x86_64-linux-gnu/libXext.so.6.4.0)
==3053652==    by 0x405A53: mlx_int_deal_shm (in /home/anieto-m/proyectos-42_GIT/solong_2/so_long)
==3053652==    by 0x405CD1: mlx_init (in /home/anieto-m/proyectos-42_GIT/solong_2/so_long)
==3053652==    by 0x4043E2: init_mlx (game_utils.c:42)
==3053652==    by 0x404284: init_game_graphics (game_init.c:29)
==3053652==    by 0x404211: game_start (game_init.c:48)
==3053652==    by 0x40269A: load_and_start_game (main.c:67)
==3053652==    by 0x402553: main (main.c:81)
==3053652== 
==3053652== 33 bytes in 1 blocks are still reachable in loss record 17 of 78
==3053652==    at 0x4848899: malloc (in /usr/libexec/valgrind/vgpreload_memcheck-amd64-linux.so)
==3053652==    by 0x48B20CD: _XUpdateAtomCache (in /usr/lib/x86_64-linux-gnu/libX11.so.6.4.0)
==3053652==    by 0x48B4929: XInternAtom (in /usr/lib/x86_64-linux-gnu/libX11.so.6.4.0)
==3053652==    by 0x405CAB: mlx_init (in /home/anieto-m/proyectos-42_GIT/solong_2/so_long)
==3053652==    by 0x4043E2: init_mlx (game_utils.c:42)
==3053652==    by 0x404284: init_game_graphics (game_init.c:29)
==3053652==    by 0x404211: game_start (game_init.c:48)
==3053652==    by 0x40269A: load_and_start_game (main.c:67)
==3053652==    by 0x402553: main (main.c:81)
==3053652== 
==3053652== 40 bytes in 1 blocks are still reachable in loss record 18 of 78
==3053652==    at 0x4848899: malloc (in /usr/libexec/valgrind/vgpreload_memcheck-amd64-linux.so)
==3053652==    by 0x48C91F1: _XPollfdCacheInit (in /usr/lib/x86_64-linux-gnu/libX11.so.6.4.0)
==3053652==    by 0x48B8E71: XOpenDisplay (in /usr/lib/x86_64-linux-gnu/libX11.so.6.4.0)
==3053652==    by 0x405C17: mlx_init (in /home/anieto-m/proyectos-42_GIT/solong_2/so_long)
==3053652==    by 0x4043E2: init_mlx (game_utils.c:42)
==3053652==    by 0x404284: init_game_graphics (game_init.c:29)
==3053652==    by 0x404211: game_start (game_init.c:48)
==3053652==    by 0x40269A: load_and_start_game (main.c:67)
==3053652==    by 0x402553: main (main.c:81)
==3053652== 
==3053652== 48 bytes in 1 blocks are still reachable in loss record 19 of 78
==3053652==    at 0x4848899: malloc (in /usr/libexec/valgrind/vgpreload_memcheck-amd64-linux.so)
==3053652==    by 0x48C8E71: _XConnectXCB (in /usr/lib/x86_64-linux-gnu/libX11.so.6.4.0)
==3053652==    by 0x48B8B68: XOpenDisplay (in /usr/lib/x86_64-linux-gnu/libX11.so.6.4.0)
==3053652==    by 0x405C17: mlx_init (in /home/anieto-m/proyectos-42_GIT/solong_2/so_long)
==3053652==    by 0x4043E2: init_mlx (game_utils.c:42)
==3053652==    by 0x404284: init_game_graphics (game_init.c:29)
==3053652==    by 0x404211: game_start (game_init.c:48)
==3053652==    by 0x40269A: load_and_start_game (main.c:67)
==3053652==    by 0x402553: main (main.c:81)
==3053652== 
==3053652== 48 bytes in 1 blocks are still reachable in loss record 20 of 78
==3053652==    at 0x4848899: malloc (in /usr/libexec/valgrind/vgpreload_memcheck-amd64-linux.so)
==3053652==    by 0x48C8E87: _XConnectXCB (in /usr/lib/x86_64-linux-gnu/libX11.so.6.4.0)
==3053652==    by 0x48B8B68: XOpenDisplay (in /usr/lib/x86_64-linux-gnu/libX11.so.6.4.0)
==3053652==    by 0x405C17: mlx_init (in /home/anieto-m/proyectos-42_GIT/solong_2/so_long)
==3053652==    by 0x4043E2: init_mlx (game_utils.c:42)
==3053652==    by 0x404284: init_game_graphics (game_init.c:29)
==3053652==    by 0x404211: game_start (game_init.c:48)
==3053652==    by 0x40269A: load_and_start_game (main.c:67)
==3053652==    by 0x402553: main (main.c:81)
==3053652== 
==3053652== 64 bytes in 1 blocks are still reachable in loss record 21 of 78
==3053652==    at 0x4848899: malloc (in /usr/libexec/valgrind/vgpreload_memcheck-amd64-linux.so)
==3053652==    by 0x402E71: resize_array (map_lines.c:30)
==3053652==    by 0x402DC9: push_line (map_lines.c:49)
==3053652==    by 0x402D56: read_map_lines (map_lines.c:68)
==3053652==    by 0x403432: handle_file_operations (map_init.c:49)
==3053652==    by 0x4027BC: parse_map (map_parser.c:24)
==3053652==    by 0x402651: load_and_start_game (main.c:61)
==3053652==    by 0x402553: main (main.c:81)
==3053652== 
==3053652== 65 bytes in 6 blocks are still reachable in loss record 22 of 78
==3053652==    at 0x4848899: malloc (in /usr/libexec/valgrind/vgpreload_memcheck-amd64-linux.so)
==3053652==    by 0x4049B3: first_line (get_next_line.c:28)
==3053652==    by 0x404C12: get_next_line (get_next_line.c:114)
==3053652==    by 0x402D73: read_map_lines (map_lines.c:70)
==3053652==    by 0x403432: handle_file_operations (map_init.c:49)
==3053652==    by 0x4027BC: parse_map (map_parser.c:24)
==3053652==    by 0x402651: load_and_start_game (main.c:61)
==3053652==    by 0x402553: main (main.c:81)
==3053652== 
==3053652== 72 bytes in 1 blocks are still reachable in loss record 23 of 78
==3053652==    at 0x484DA83: calloc (in /usr/libexec/valgrind/vgpreload_memcheck-amd64-linux.so)
==3053652==    by 0x48B8F20: XOpenDisplay (in /usr/lib/x86_64-linux-gnu/libX11.so.6.4.0)
==3053652==    by 0x405C17: mlx_init (in /home/anieto-m/proyectos-42_GIT/solong_2/so_long)
==3053652==    by 0x4043E2: init_mlx (game_utils.c:42)
==3053652==    by 0x404284: init_game_graphics (game_init.c:29)
==3053652==    by 0x404211: game_start (game_init.c:48)
==3053652==    by 0x40269A: load_and_start_game (main.c:67)
==3053652==    by 0x402553: main (main.c:81)
==3053652== 
==3053652== 88 bytes in 1 blocks are still reachable in loss record 24 of 78
==3053652==    at 0x484DA83: calloc (in /usr/libexec/valgrind/vgpreload_memcheck-amd64-linux.so)
==3053652==    by 0x40771B: mlx_int_new_xshm_image (in /home/anieto-m/proyectos-42_GIT/solong_2/so_long)
==3053652==    by 0x407A42: mlx_new_image (in /home/anieto-m/proyectos-42_GIT/solong_2/so_long)
==3053652==    by 0x406C17: mlx_int_parse_xpm (in /home/anieto-m/proyectos-42_GIT/solong_2/so_long)
==3053652==    by 0x407051: mlx_xpm_file_to_image (in /home/anieto-m/proyectos-42_GIT/solong_2/so_long)
==3053652==    by 0x404547: load_basic_textures (texture_loader.c:17)
==3053652==    by 0x4042A2: init_game_graphics (game_init.c:31)
==3053652==    by 0x404211: game_start (game_init.c:48)
==3053652==    by 0x40269A: load_and_start_game (main.c:67)
==3053652==    by 0x402553: main (main.c:81)
==3053652== 
==3053652== 88 bytes in 1 blocks are still reachable in loss record 25 of 78
==3053652==    at 0x484DA83: calloc (in /usr/libexec/valgrind/vgpreload_memcheck-amd64-linux.so)
==3053652==    by 0x40771B: mlx_int_new_xshm_image (in /home/anieto-m/proyectos-42_GIT/solong_2/so_long)
==3053652==    by 0x407A42: mlx_new_image (in /home/anieto-m/proyectos-42_GIT/solong_2/so_long)
==3053652==    by 0x406C17: mlx_int_parse_xpm (in /home/anieto-m/proyectos-42_GIT/solong_2/so_long)
==3053652==    by 0x407051: mlx_xpm_file_to_image (in /home/anieto-m/proyectos-42_GIT/solong_2/so_long)
==3053652==    by 0x40457E: load_basic_textures (texture_loader.c:19)
==3053652==    by 0x4042A2: init_game_graphics (game_init.c:31)
==3053652==    by 0x404211: game_start (game_init.c:48)
==3053652==    by 0x40269A: load_and_start_game (main.c:67)
==3053652==    by 0x402553: main (main.c:81)
==3053652== 
==3053652== 88 bytes in 1 blocks are still reachable in loss record 26 of 78
==3053652==    at 0x484DA83: calloc (in /usr/libexec/valgrind/vgpreload_memcheck-amd64-linux.so)
==3053652==    by 0x40771B: mlx_int_new_xshm_image (in /home/anieto-m/proyectos-42_GIT/solong_2/so_long)
==3053652==    by 0x407A42: mlx_new_image (in /home/anieto-m/proyectos-42_GIT/solong_2/so_long)
==3053652==    by 0x406C17: mlx_int_parse_xpm (in /home/anieto-m/proyectos-42_GIT/solong_2/so_long)
==3053652==    by 0x407051: mlx_xpm_file_to_image (in /home/anieto-m/proyectos-42_GIT/solong_2/so_long)
==3053652==    by 0x4045B5: load_basic_textures (texture_loader.c:21)
==3053652==    by 0x4042A2: init_game_graphics (game_init.c:31)
==3053652==    by 0x404211: game_start (game_init.c:48)
==3053652==    by 0x40269A: load_and_start_game (main.c:67)
==3053652==    by 0x402553: main (main.c:81)
==3053652== 
==3053652== 88 bytes in 1 blocks are still reachable in loss record 27 of 78
==3053652==    at 0x484DA83: calloc (in /usr/libexec/valgrind/vgpreload_memcheck-amd64-linux.so)
==3053652==    by 0x40771B: mlx_int_new_xshm_image (in /home/anieto-m/proyectos-42_GIT/solong_2/so_long)
==3053652==    by 0x407A42: mlx_new_image (in /home/anieto-m/proyectos-42_GIT/solong_2/so_long)
==3053652==    by 0x406C17: mlx_int_parse_xpm (in /home/anieto-m/proyectos-42_GIT/solong_2/so_long)
==3053652==    by 0x407051: mlx_xpm_file_to_image (in /home/anieto-m/proyectos-42_GIT/solong_2/so_long)
==3053652==    by 0x4045EC: load_basic_textures (texture_loader.c:23)
==3053652==    by 0x4042A2: init_game_graphics (game_init.c:31)
==3053652==    by 0x404211: game_start (game_init.c:48)
==3053652==    by 0x40269A: load_and_start_game (main.c:67)
==3053652==    by 0x402553: main (main.c:81)
==3053652== 
==3053652== 88 bytes in 1 blocks are still reachable in loss record 28 of 78
==3053652==    at 0x484DA83: calloc (in /usr/libexec/valgrind/vgpreload_memcheck-amd64-linux.so)
==3053652==    by 0x40771B: mlx_int_new_xshm_image (in /home/anieto-m/proyectos-42_GIT/solong_2/so_long)
==3053652==    by 0x407A42: mlx_new_image (in /home/anieto-m/proyectos-42_GIT/solong_2/so_long)
==3053652==    by 0x406C17: mlx_int_parse_xpm (in /home/anieto-m/proyectos-42_GIT/solong_2/so_long)
==3053652==    by 0x407051: mlx_xpm_file_to_image (in /home/anieto-m/proyectos-42_GIT/solong_2/so_long)
==3053652==    by 0x404687: load_coin_textures (texture_loader.c:34)
==3053652==    by 0x4042C0: init_game_graphics (game_init.c:33)
==3053652==    by 0x404211: game_start (game_init.c:48)
==3053652==    by 0x40269A: load_and_start_game (main.c:67)
==3053652==    by 0x402553: main (main.c:81)
==3053652== 
==3053652== 88 bytes in 1 blocks are still reachable in loss record 29 of 78
==3053652==    at 0x484DA83: calloc (in /usr/libexec/valgrind/vgpreload_memcheck-amd64-linux.so)
==3053652==    by 0x40771B: mlx_int_new_xshm_image (in /home/anieto-m/proyectos-42_GIT/solong_2/so_long)
==3053652==    by 0x407A42: mlx_new_image (in /home/anieto-m/proyectos-42_GIT/solong_2/so_long)
==3053652==    by 0x406C17: mlx_int_parse_xpm (in /home/anieto-m/proyectos-42_GIT/solong_2/so_long)
==3053652==    by 0x407051: mlx_xpm_file_to_image (in /home/anieto-m/proyectos-42_GIT/solong_2/so_long)
==3053652==    by 0x4046BE: load_coin_textures (texture_loader.c:36)
==3053652==    by 0x4042C0: init_game_graphics (game_init.c:33)
==3053652==    by 0x404211: game_start (game_init.c:48)
==3053652==    by 0x40269A: load_and_start_game (main.c:67)
==3053652==    by 0x402553: main (main.c:81)
==3053652== 
==3053652== 88 bytes in 1 blocks are still reachable in loss record 30 of 78
==3053652==    at 0x484DA83: calloc (in /usr/libexec/valgrind/vgpreload_memcheck-amd64-linux.so)
==3053652==    by 0x40771B: mlx_int_new_xshm_image (in /home/anieto-m/proyectos-42_GIT/solong_2/so_long)
==3053652==    by 0x407A42: mlx_new_image (in /home/anieto-m/proyectos-42_GIT/solong_2/so_long)
==3053652==    by 0x406C17: mlx_int_parse_xpm (in /home/anieto-m/proyectos-42_GIT/solong_2/so_long)
==3053652==    by 0x407051: mlx_xpm_file_to_image (in /home/anieto-m/proyectos-42_GIT/solong_2/so_long)
==3053652==    by 0x404747: load_player_textures (texture_loader.c:44)
==3053652==    by 0x4042C9: init_game_graphics (game_init.c:34)
==3053652==    by 0x404211: game_start (game_init.c:48)
==3053652==    by 0x40269A: load_and_start_game (main.c:67)
==3053652==    by 0x402553: main (main.c:81)
==3053652== 
==3053652== 88 bytes in 1 blocks are still reachable in loss record 31 of 78
==3053652==    at 0x484DA83: calloc (in /usr/libexec/valgrind/vgpreload_memcheck-amd64-linux.so)
==3053652==    by 0x40771B: mlx_int_new_xshm_image (in /home/anieto-m/proyectos-42_GIT/solong_2/so_long)
==3053652==    by 0x407A42: mlx_new_image (in /home/anieto-m/proyectos-42_GIT/solong_2/so_long)
==3053652==    by 0x406C17: mlx_int_parse_xpm (in /home/anieto-m/proyectos-42_GIT/solong_2/so_long)
==3053652==    by 0x407051: mlx_xpm_file_to_image (in /home/anieto-m/proyectos-42_GIT/solong_2/so_long)
==3053652==    by 0x404781: load_player_textures (texture_loader.c:46)
==3053652==    by 0x4042C9: init_game_graphics (game_init.c:34)
==3053652==    by 0x404211: game_start (game_init.c:48)
==3053652==    by 0x40269A: load_and_start_game (main.c:67)
==3053652==    by 0x402553: main (main.c:81)
==3053652== 
==3053652== 88 bytes in 1 blocks are still reachable in loss record 32 of 78
==3053652==    at 0x484DA83: calloc (in /usr/libexec/valgrind/vgpreload_memcheck-amd64-linux.so)
==3053652==    by 0x40771B: mlx_int_new_xshm_image (in /home/anieto-m/proyectos-42_GIT/solong_2/so_long)
==3053652==    by 0x407A42: mlx_new_image (in /home/anieto-m/proyectos-42_GIT/solong_2/so_long)
==3053652==    by 0x406C17: mlx_int_parse_xpm (in /home/anieto-m/proyectos-42_GIT/solong_2/so_long)
==3053652==    by 0x407051: mlx_xpm_file_to_image (in /home/anieto-m/proyectos-42_GIT/solong_2/so_long)
==3053652==    by 0x4047BB: load_player_textures (texture_loader.c:48)
==3053652==    by 0x4042C9: init_game_graphics (game_init.c:34)
==3053652==    by 0x404211: game_start (game_init.c:48)
==3053652==    by 0x40269A: load_and_start_game (main.c:67)
==3053652==    by 0x402553: main (main.c:81)
==3053652== 
==3053652== 88 bytes in 1 blocks are still reachable in loss record 33 of 78
==3053652==    at 0x484DA83: calloc (in /usr/libexec/valgrind/vgpreload_memcheck-amd64-linux.so)
==3053652==    by 0x40771B: mlx_int_new_xshm_image (in /home/anieto-m/proyectos-42_GIT/solong_2/so_long)
==3053652==    by 0x407A42: mlx_new_image (in /home/anieto-m/proyectos-42_GIT/solong_2/so_long)
==3053652==    by 0x406C17: mlx_int_parse_xpm (in /home/anieto-m/proyectos-42_GIT/solong_2/so_long)
==3053652==    by 0x407051: mlx_xpm_file_to_image (in /home/anieto-m/proyectos-42_GIT/solong_2/so_long)
==3053652==    by 0x4047F5: load_player_textures (texture_loader.c:50)
==3053652==    by 0x4042C9: init_game_graphics (game_init.c:34)
==3053652==    by 0x404211: game_start (game_init.c:48)
==3053652==    by 0x40269A: load_and_start_game (main.c:67)
==3053652==    by 0x402553: main (main.c:81)
==3053652== 
==3053652== 88 bytes in 1 blocks are still reachable in loss record 34 of 78
==3053652==    at 0x484DA83: calloc (in /usr/libexec/valgrind/vgpreload_memcheck-amd64-linux.so)
==3053652==    by 0x40771B: mlx_int_new_xshm_image (in /home/anieto-m/proyectos-42_GIT/solong_2/so_long)
==3053652==    by 0x407A42: mlx_new_image (in /home/anieto-m/proyectos-42_GIT/solong_2/so_long)
==3053652==    by 0x406C17: mlx_int_parse_xpm (in /home/anieto-m/proyectos-42_GIT/solong_2/so_long)
==3053652==    by 0x407051: mlx_xpm_file_to_image (in /home/anieto-m/proyectos-42_GIT/solong_2/so_long)
==3053652==    by 0x40482F: load_player_textures (texture_loader.c:52)
==3053652==    by 0x4042C9: init_game_graphics (game_init.c:34)
==3053652==    by 0x404211: game_start (game_init.c:48)
==3053652==    by 0x40269A: load_and_start_game (main.c:67)
==3053652==    by 0x402553: main (main.c:81)
==3053652== 
==3053652== 88 bytes in 1 blocks are still reachable in loss record 35 of 78
==3053652==    at 0x484DA83: calloc (in /usr/libexec/valgrind/vgpreload_memcheck-amd64-linux.so)
==3053652==    by 0x40771B: mlx_int_new_xshm_image (in /home/anieto-m/proyectos-42_GIT/solong_2/so_long)
==3053652==    by 0x407A42: mlx_new_image (in /home/anieto-m/proyectos-42_GIT/solong_2/so_long)
==3053652==    by 0x406C17: mlx_int_parse_xpm (in /home/anieto-m/proyectos-42_GIT/solong_2/so_long)
==3053652==    by 0x407051: mlx_xpm_file_to_image (in /home/anieto-m/proyectos-42_GIT/solong_2/so_long)
==3053652==    by 0x404869: load_player_textures (texture_loader.c:54)
==3053652==    by 0x4042C9: init_game_graphics (game_init.c:34)
==3053652==    by 0x404211: game_start (game_init.c:48)
==3053652==    by 0x40269A: load_and_start_game (main.c:67)
==3053652==    by 0x402553: main (main.c:81)
==3053652== 
==3053652== 88 bytes in 1 blocks are still reachable in loss record 36 of 78
==3053652==    at 0x484DA83: calloc (in /usr/libexec/valgrind/vgpreload_memcheck-amd64-linux.so)
==3053652==    by 0x40771B: mlx_int_new_xshm_image (in /home/anieto-m/proyectos-42_GIT/solong_2/so_long)
==3053652==    by 0x407A42: mlx_new_image (in /home/anieto-m/proyectos-42_GIT/solong_2/so_long)
==3053652==    by 0x406C17: mlx_int_parse_xpm (in /home/anieto-m/proyectos-42_GIT/solong_2/so_long)
==3053652==    by 0x407051: mlx_xpm_file_to_image (in /home/anieto-m/proyectos-42_GIT/solong_2/so_long)
==3053652==    by 0x4048A3: load_player_textures (texture_loader.c:56)
==3053652==    by 0x4042C9: init_game_graphics (game_init.c:34)
==3053652==    by 0x404211: game_start (game_init.c:48)
==3053652==    by 0x40269A: load_and_start_game (main.c:67)
==3053652==    by 0x402553: main (main.c:81)
==3053652== 
==3053652== 88 bytes in 1 blocks are still reachable in loss record 37 of 78
==3053652==    at 0x484DA83: calloc (in /usr/libexec/valgrind/vgpreload_memcheck-amd64-linux.so)
==3053652==    by 0x40771B: mlx_int_new_xshm_image (in /home/anieto-m/proyectos-42_GIT/solong_2/so_long)
==3053652==    by 0x407A42: mlx_new_image (in /home/anieto-m/proyectos-42_GIT/solong_2/so_long)
==3053652==    by 0x406C17: mlx_int_parse_xpm (in /home/anieto-m/proyectos-42_GIT/solong_2/so_long)
==3053652==    by 0x407051: mlx_xpm_file_to_image (in /home/anieto-m/proyectos-42_GIT/solong_2/so_long)
==3053652==    by 0x4048DD: load_player_textures (texture_loader.c:58)
==3053652==    by 0x4042C9: init_game_graphics (game_init.c:34)
==3053652==    by 0x404211: game_start (game_init.c:48)
==3053652==    by 0x40269A: load_and_start_game (main.c:67)
==3053652==    by 0x402553: main (main.c:81)
==3053652== 
==3053652== 112 bytes in 1 blocks are still reachable in loss record 38 of 78
==3053652==    at 0x484DA83: calloc (in /usr/libexec/valgrind/vgpreload_memcheck-amd64-linux.so)
==3053652==    by 0x48C8D72: _XConnectXCB (in /usr/lib/x86_64-linux-gnu/libX11.so.6.4.0)
==3053652==    by 0x48B8B68: XOpenDisplay (in /usr/lib/x86_64-linux-gnu/libX11.so.6.4.0)
==3053652==    by 0x405C17: mlx_init (in /home/anieto-m/proyectos-42_GIT/solong_2/so_long)
==3053652==    by 0x4043E2: init_mlx (game_utils.c:42)
==3053652==    by 0x404284: init_game_graphics (game_init.c:29)
==3053652==    by 0x404211: game_start (game_init.c:48)
==3053652==    by 0x40269A: load_and_start_game (main.c:67)
==3053652==    by 0x402553: main (main.c:81)
==3053652== 
==3053652== 112 bytes in 1 blocks are still reachable in loss record 39 of 78
==3053652==    at 0x484DA83: calloc (in /usr/libexec/valgrind/vgpreload_memcheck-amd64-linux.so)
==3053652==    by 0x48B9200: XOpenDisplay (in /usr/lib/x86_64-linux-gnu/libX11.so.6.4.0)
==3053652==    by 0x405C17: mlx_init (in /home/anieto-m/proyectos-42_GIT/solong_2/so_long)
==3053652==    by 0x4043E2: init_mlx (game_utils.c:42)
==3053652==    by 0x404284: init_game_graphics (game_init.c:29)
==3053652==    by 0x404211: game_start (game_init.c:48)
==3053652==    by 0x40269A: load_and_start_game (main.c:67)
==3053652==    by 0x402553: main (main.c:81)
==3053652== 
==3053652== 128 bytes in 1 blocks are still reachable in loss record 40 of 78
==3053652==    at 0x484DA83: calloc (in /usr/libexec/valgrind/vgpreload_memcheck-amd64-linux.so)
==3053652==    by 0x48B912E: XOpenDisplay (in /usr/lib/x86_64-linux-gnu/libX11.so.6.4.0)
==3053652==    by 0x405C17: mlx_init (in /home/anieto-m/proyectos-42_GIT/solong_2/so_long)
==3053652==    by 0x4043E2: init_mlx (game_utils.c:42)
==3053652==    by 0x404284: init_game_graphics (game_init.c:29)
==3053652==    by 0x404211: game_start (game_init.c:48)
==3053652==    by 0x40269A: load_and_start_game (main.c:67)
==3053652==    by 0x402553: main (main.c:81)
==3053652== 
==3053652== 128 bytes in 1 blocks are still reachable in loss record 41 of 78
==3053652==    at 0x484DA83: calloc (in /usr/libexec/valgrind/vgpreload_memcheck-amd64-linux.so)
==3053652==    by 0x48B599E: XInitExtension (in /usr/lib/x86_64-linux-gnu/libX11.so.6.4.0)
==3053652==    by 0x491F213: XkbUseExtension (in /usr/lib/x86_64-linux-gnu/libX11.so.6.4.0)
==3053652==    by 0x48B96A8: XOpenDisplay (in /usr/lib/x86_64-linux-gnu/libX11.so.6.4.0)
==3053652==    by 0x405C17: mlx_init (in /home/anieto-m/proyectos-42_GIT/solong_2/so_long)
==3053652==    by 0x4043E2: init_mlx (game_utils.c:42)
==3053652==    by 0x404284: init_game_graphics (game_init.c:29)
==3053652==    by 0x404211: game_start (game_init.c:48)
==3053652==    by 0x40269A: load_and_start_game (main.c:67)
==3053652==    by 0x402553: main (main.c:81)
==3053652== 
==3053652== 128 bytes in 1 blocks are still reachable in loss record 42 of 78
==3053652==    at 0x484DA83: calloc (in /usr/libexec/valgrind/vgpreload_memcheck-amd64-linux.so)
==3053652==    by 0x48B599E: XInitExtension (in /usr/lib/x86_64-linux-gnu/libX11.so.6.4.0)
==3053652==    by 0x487A820: XextAddDisplay (in /usr/lib/x86_64-linux-gnu/libXext.so.6.4.0)
==3053652==    by 0x487F9E2: XShmQueryVersion (in /usr/lib/x86_64-linux-gnu/libXext.so.6.4.0)
==3053652==    by 0x405A53: mlx_int_deal_shm (in /home/anieto-m/proyectos-42_GIT/solong_2/so_long)
==3053652==    by 0x405CD1: mlx_init (in /home/anieto-m/proyectos-42_GIT/solong_2/so_long)
==3053652==    by 0x4043E2: init_mlx (game_utils.c:42)
==3053652==    by 0x404284: init_game_graphics (game_init.c:29)
==3053652==    by 0x404211: game_start (game_init.c:48)
==3053652==    by 0x40269A: load_and_start_game (main.c:67)
==3053652==    by 0x402553: main (main.c:81)
==3053652== 
==3053652== 128 bytes in 1 blocks are still reachable in loss record 43 of 78
==3053652==    at 0x484DA83: calloc (in /usr/libexec/valgrind/vgpreload_memcheck-amd64-linux.so)
==3053652==    by 0x48B599E: XInitExtension (in /usr/lib/x86_64-linux-gnu/libX11.so.6.4.0)
==3053652==    by 0x487A820: XextAddDisplay (in /usr/lib/x86_64-linux-gnu/libXext.so.6.4.0)
==3053652==    by 0x487A50A: ??? (in /usr/lib/x86_64-linux-gnu/libXext.so.6.4.0)
==3053652==    by 0x487A9C8: XextAddDisplay (in /usr/lib/x86_64-linux-gnu/libXext.so.6.4.0)
==3053652==    by 0x487F9E2: XShmQueryVersion (in /usr/lib/x86_64-linux-gnu/libXext.so.6.4.0)
==3053652==    by 0x405A53: mlx_int_deal_shm (in /home/anieto-m/proyectos-42_GIT/solong_2/so_long)
==3053652==    by 0x405CD1: mlx_init (in /home/anieto-m/proyectos-42_GIT/solong_2/so_long)
==3053652==    by 0x4043E2: init_mlx (game_utils.c:42)
==3053652==    by 0x404284: init_game_graphics (game_init.c:29)
==3053652==    by 0x404211: game_start (game_init.c:48)
==3053652==    by 0x40269A: load_and_start_game (main.c:67)
==3053652== 
==3053652== 136 bytes in 1 blocks are still reachable in loss record 44 of 78
==3053652==    at 0x4848899: malloc (in /usr/libexec/valgrind/vgpreload_memcheck-amd64-linux.so)
==3053652==    by 0x405BFF: mlx_init (in /home/anieto-m/proyectos-42_GIT/solong_2/so_long)
==3053652==    by 0x4043E2: init_mlx (game_utils.c:42)
==3053652==    by 0x404284: init_game_graphics (game_init.c:29)
==3053652==    by 0x404211: game_start (game_init.c:48)
==3053652==    by 0x40269A: load_and_start_game (main.c:67)
==3053652==    by 0x402553: main (main.c:81)
==3053652== 
==3053652== 136 bytes in 1 blocks are still reachable in loss record 45 of 78
==3053652==    at 0x484DA83: calloc (in /usr/libexec/valgrind/vgpreload_memcheck-amd64-linux.so)
==3053652==    by 0x48790C3: XShmCreateImage (in /usr/lib/x86_64-linux-gnu/libXext.so.6.4.0)
==3053652==    by 0x407746: mlx_int_new_xshm_image (in /home/anieto-m/proyectos-42_GIT/solong_2/so_long)
==3053652==    by 0x407A42: mlx_new_image (in /home/anieto-m/proyectos-42_GIT/solong_2/so_long)
==3053652==    by 0x406C17: mlx_int_parse_xpm (in /home/anieto-m/proyectos-42_GIT/solong_2/so_long)
==3053652==    by 0x407051: mlx_xpm_file_to_image (in /home/anieto-m/proyectos-42_GIT/solong_2/so_long)
==3053652==    by 0x404547: load_basic_textures (texture_loader.c:17)
==3053652==    by 0x4042A2: init_game_graphics (game_init.c:31)
==3053652==    by 0x404211: game_start (game_init.c:48)
==3053652==    by 0x40269A: load_and_start_game (main.c:67)
==3053652==    by 0x402553: main (main.c:81)
==3053652== 
==3053652== 136 bytes in 1 blocks are still reachable in loss record 46 of 78
==3053652==    at 0x484DA83: calloc (in /usr/libexec/valgrind/vgpreload_memcheck-amd64-linux.so)
==3053652==    by 0x48790C3: XShmCreateImage (in /usr/lib/x86_64-linux-gnu/libXext.so.6.4.0)
==3053652==    by 0x407746: mlx_int_new_xshm_image (in /home/anieto-m/proyectos-42_GIT/solong_2/so_long)
==3053652==    by 0x407A42: mlx_new_image (in /home/anieto-m/proyectos-42_GIT/solong_2/so_long)
==3053652==    by 0x406C17: mlx_int_parse_xpm (in /home/anieto-m/proyectos-42_GIT/solong_2/so_long)
==3053652==    by 0x407051: mlx_xpm_file_to_image (in /home/anieto-m/proyectos-42_GIT/solong_2/so_long)
==3053652==    by 0x40457E: load_basic_textures (texture_loader.c:19)
==3053652==    by 0x4042A2: init_game_graphics (game_init.c:31)
==3053652==    by 0x404211: game_start (game_init.c:48)
==3053652==    by 0x40269A: load_and_start_game (main.c:67)
==3053652==    by 0x402553: main (main.c:81)
==3053652== 
==3053652== 136 bytes in 1 blocks are still reachable in loss record 47 of 78
==3053652==    at 0x484DA83: calloc (in /usr/libexec/valgrind/vgpreload_memcheck-amd64-linux.so)
==3053652==    by 0x48790C3: XShmCreateImage (in /usr/lib/x86_64-linux-gnu/libXext.so.6.4.0)
==3053652==    by 0x407746: mlx_int_new_xshm_image (in /home/anieto-m/proyectos-42_GIT/solong_2/so_long)
==3053652==    by 0x407A42: mlx_new_image (in /home/anieto-m/proyectos-42_GIT/solong_2/so_long)
==3053652==    by 0x406C17: mlx_int_parse_xpm (in /home/anieto-m/proyectos-42_GIT/solong_2/so_long)
==3053652==    by 0x407051: mlx_xpm_file_to_image (in /home/anieto-m/proyectos-42_GIT/solong_2/so_long)
==3053652==    by 0x4045B5: load_basic_textures (texture_loader.c:21)
==3053652==    by 0x4042A2: init_game_graphics (game_init.c:31)
==3053652==    by 0x404211: game_start (game_init.c:48)
==3053652==    by 0x40269A: load_and_start_game (main.c:67)
==3053652==    by 0x402553: main (main.c:81)
==3053652== 
==3053652== 136 bytes in 1 blocks are still reachable in loss record 48 of 78
==3053652==    at 0x484DA83: calloc (in /usr/libexec/valgrind/vgpreload_memcheck-amd64-linux.so)
==3053652==    by 0x48790C3: XShmCreateImage (in /usr/lib/x86_64-linux-gnu/libXext.so.6.4.0)
==3053652==    by 0x407746: mlx_int_new_xshm_image (in /home/anieto-m/proyectos-42_GIT/solong_2/so_long)
==3053652==    by 0x407A42: mlx_new_image (in /home/anieto-m/proyectos-42_GIT/solong_2/so_long)
==3053652==    by 0x406C17: mlx_int_parse_xpm (in /home/anieto-m/proyectos-42_GIT/solong_2/so_long)
==3053652==    by 0x407051: mlx_xpm_file_to_image (in /home/anieto-m/proyectos-42_GIT/solong_2/so_long)
==3053652==    by 0x4045EC: load_basic_textures (texture_loader.c:23)
==3053652==    by 0x4042A2: init_game_graphics (game_init.c:31)
==3053652==    by 0x404211: game_start (game_init.c:48)
==3053652==    by 0x40269A: load_and_start_game (main.c:67)
==3053652==    by 0x402553: main (main.c:81)
==3053652== 
==3053652== 136 bytes in 1 blocks are still reachable in loss record 49 of 78
==3053652==    at 0x484DA83: calloc (in /usr/libexec/valgrind/vgpreload_memcheck-amd64-linux.so)
==3053652==    by 0x48790C3: XShmCreateImage (in /usr/lib/x86_64-linux-gnu/libXext.so.6.4.0)
==3053652==    by 0x407746: mlx_int_new_xshm_image (in /home/anieto-m/proyectos-42_GIT/solong_2/so_long)
==3053652==    by 0x407A42: mlx_new_image (in /home/anieto-m/proyectos-42_GIT/solong_2/so_long)
==3053652==    by 0x406C17: mlx_int_parse_xpm (in /home/anieto-m/proyectos-42_GIT/solong_2/so_long)
==3053652==    by 0x407051: mlx_xpm_file_to_image (in /home/anieto-m/proyectos-42_GIT/solong_2/so_long)
==3053652==    by 0x404687: load_coin_textures (texture_loader.c:34)
==3053652==    by 0x4042C0: init_game_graphics (game_init.c:33)
==3053652==    by 0x404211: game_start (game_init.c:48)
==3053652==    by 0x40269A: load_and_start_game (main.c:67)
==3053652==    by 0x402553: main (main.c:81)
==3053652== 
==3053652== 136 bytes in 1 blocks are still reachable in loss record 50 of 78
==3053652==    at 0x484DA83: calloc (in /usr/libexec/valgrind/vgpreload_memcheck-amd64-linux.so)
==3053652==    by 0x48790C3: XShmCreateImage (in /usr/lib/x86_64-linux-gnu/libXext.so.6.4.0)
==3053652==    by 0x407746: mlx_int_new_xshm_image (in /home/anieto-m/proyectos-42_GIT/solong_2/so_long)
==3053652==    by 0x407A42: mlx_new_image (in /home/anieto-m/proyectos-42_GIT/solong_2/so_long)
==3053652==    by 0x406C17: mlx_int_parse_xpm (in /home/anieto-m/proyectos-42_GIT/solong_2/so_long)
==3053652==    by 0x407051: mlx_xpm_file_to_image (in /home/anieto-m/proyectos-42_GIT/solong_2/so_long)
==3053652==    by 0x4046BE: load_coin_textures (texture_loader.c:36)
==3053652==    by 0x4042C0: init_game_graphics (game_init.c:33)
==3053652==    by 0x404211: game_start (game_init.c:48)
==3053652==    by 0x40269A: load_and_start_game (main.c:67)
==3053652==    by 0x402553: main (main.c:81)
==3053652== 
==3053652== 136 bytes in 1 blocks are still reachable in loss record 51 of 78
==3053652==    at 0x484DA83: calloc (in /usr/libexec/valgrind/vgpreload_memcheck-amd64-linux.so)
==3053652==    by 0x48790C3: XShmCreateImage (in /usr/lib/x86_64-linux-gnu/libXext.so.6.4.0)
==3053652==    by 0x407746: mlx_int_new_xshm_image (in /home/anieto-m/proyectos-42_GIT/solong_2/so_long)
==3053652==    by 0x407A42: mlx_new_image (in /home/anieto-m/proyectos-42_GIT/solong_2/so_long)
==3053652==    by 0x406C17: mlx_int_parse_xpm (in /home/anieto-m/proyectos-42_GIT/solong_2/so_long)
==3053652==    by 0x407051: mlx_xpm_file_to_image (in /home/anieto-m/proyectos-42_GIT/solong_2/so_long)
==3053652==    by 0x404747: load_player_textures (texture_loader.c:44)
==3053652==    by 0x4042C9: init_game_graphics (game_init.c:34)
==3053652==    by 0x404211: game_start (game_init.c:48)
==3053652==    by 0x40269A: load_and_start_game (main.c:67)
==3053652==    by 0x402553: main (main.c:81)
==3053652== 
==3053652== 136 bytes in 1 blocks are still reachable in loss record 52 of 78
==3053652==    at 0x484DA83: calloc (in /usr/libexec/valgrind/vgpreload_memcheck-amd64-linux.so)
==3053652==    by 0x48790C3: XShmCreateImage (in /usr/lib/x86_64-linux-gnu/libXext.so.6.4.0)
==3053652==    by 0x407746: mlx_int_new_xshm_image (in /home/anieto-m/proyectos-42_GIT/solong_2/so_long)
==3053652==    by 0x407A42: mlx_new_image (in /home/anieto-m/proyectos-42_GIT/solong_2/so_long)
==3053652==    by 0x406C17: mlx_int_parse_xpm (in /home/anieto-m/proyectos-42_GIT/solong_2/so_long)
==3053652==    by 0x407051: mlx_xpm_file_to_image (in /home/anieto-m/proyectos-42_GIT/solong_2/so_long)
==3053652==    by 0x404781: load_player_textures (texture_loader.c:46)
==3053652==    by 0x4042C9: init_game_graphics (game_init.c:34)
==3053652==    by 0x404211: game_start (game_init.c:48)
==3053652==    by 0x40269A: load_and_start_game (main.c:67)
==3053652==    by 0x402553: main (main.c:81)
==3053652== 
==3053652== 136 bytes in 1 blocks are still reachable in loss record 53 of 78
==3053652==    at 0x484DA83: calloc (in /usr/libexec/valgrind/vgpreload_memcheck-amd64-linux.so)
==3053652==    by 0x48790C3: XShmCreateImage (in /usr/lib/x86_64-linux-gnu/libXext.so.6.4.0)
==3053652==    by 0x407746: mlx_int_new_xshm_image (in /home/anieto-m/proyectos-42_GIT/solong_2/so_long)
==3053652==    by 0x407A42: mlx_new_image (in /home/anieto-m/proyectos-42_GIT/solong_2/so_long)
==3053652==    by 0x406C17: mlx_int_parse_xpm (in /home/anieto-m/proyectos-42_GIT/solong_2/so_long)
==3053652==    by 0x407051: mlx_xpm_file_to_image (in /home/anieto-m/proyectos-42_GIT/solong_2/so_long)
==3053652==    by 0x4047BB: load_player_textures (texture_loader.c:48)
==3053652==    by 0x4042C9: init_game_graphics (game_init.c:34)
==3053652==    by 0x404211: game_start (game_init.c:48)
==3053652==    by 0x40269A: load_and_start_game (main.c:67)
==3053652==    by 0x402553: main (main.c:81)
==3053652== 
==3053652== 136 bytes in 1 blocks are still reachable in loss record 54 of 78
==3053652==    at 0x484DA83: calloc (in /usr/libexec/valgrind/vgpreload_memcheck-amd64-linux.so)
==3053652==    by 0x48790C3: XShmCreateImage (in /usr/lib/x86_64-linux-gnu/libXext.so.6.4.0)
==3053652==    by 0x407746: mlx_int_new_xshm_image (in /home/anieto-m/proyectos-42_GIT/solong_2/so_long)
==3053652==    by 0x407A42: mlx_new_image (in /home/anieto-m/proyectos-42_GIT/solong_2/so_long)
==3053652==    by 0x406C17: mlx_int_parse_xpm (in /home/anieto-m/proyectos-42_GIT/solong_2/so_long)
==3053652==    by 0x407051: mlx_xpm_file_to_image (in /home/anieto-m/proyectos-42_GIT/solong_2/so_long)
==3053652==    by 0x4047F5: load_player_textures (texture_loader.c:50)
==3053652==    by 0x4042C9: init_game_graphics (game_init.c:34)
==3053652==    by 0x404211: game_start (game_init.c:48)
==3053652==    by 0x40269A: load_and_start_game (main.c:67)
==3053652==    by 0x402553: main (main.c:81)
==3053652== 
==3053652== 136 bytes in 1 blocks are still reachable in loss record 55 of 78
==3053652==    at 0x484DA83: calloc (in /usr/libexec/valgrind/vgpreload_memcheck-amd64-linux.so)
==3053652==    by 0x48790C3: XShmCreateImage (in /usr/lib/x86_64-linux-gnu/libXext.so.6.4.0)
==3053652==    by 0x407746: mlx_int_new_xshm_image (in /home/anieto-m/proyectos-42_GIT/solong_2/so_long)
==3053652==    by 0x407A42: mlx_new_image (in /home/anieto-m/proyectos-42_GIT/solong_2/so_long)
==3053652==    by 0x406C17: mlx_int_parse_xpm (in /home/anieto-m/proyectos-42_GIT/solong_2/so_long)
==3053652==    by 0x407051: mlx_xpm_file_to_image (in /home/anieto-m/proyectos-42_GIT/solong_2/so_long)
==3053652==    by 0x40482F: load_player_textures (texture_loader.c:52)
==3053652==    by 0x4042C9: init_game_graphics (game_init.c:34)
==3053652==    by 0x404211: game_start (game_init.c:48)
==3053652==    by 0x40269A: load_and_start_game (main.c:67)
==3053652==    by 0x402553: main (main.c:81)
==3053652== 
==3053652== 136 bytes in 1 blocks are still reachable in loss record 56 of 78
==3053652==    at 0x484DA83: calloc (in /usr/libexec/valgrind/vgpreload_memcheck-amd64-linux.so)
==3053652==    by 0x48790C3: XShmCreateImage (in /usr/lib/x86_64-linux-gnu/libXext.so.6.4.0)
==3053652==    by 0x407746: mlx_int_new_xshm_image (in /home/anieto-m/proyectos-42_GIT/solong_2/so_long)
==3053652==    by 0x407A42: mlx_new_image (in /home/anieto-m/proyectos-42_GIT/solong_2/so_long)
==3053652==    by 0x406C17: mlx_int_parse_xpm (in /home/anieto-m/proyectos-42_GIT/solong_2/so_long)
==3053652==    by 0x407051: mlx_xpm_file_to_image (in /home/anieto-m/proyectos-42_GIT/solong_2/so_long)
==3053652==    by 0x404869: load_player_textures (texture_loader.c:54)
==3053652==    by 0x4042C9: init_game_graphics (game_init.c:34)
==3053652==    by 0x404211: game_start (game_init.c:48)
==3053652==    by 0x40269A: load_and_start_game (main.c:67)
==3053652==    by 0x402553: main (main.c:81)
==3053652== 
==3053652== 136 bytes in 1 blocks are still reachable in loss record 57 of 78
==3053652==    at 0x484DA83: calloc (in /usr/libexec/valgrind/vgpreload_memcheck-amd64-linux.so)
==3053652==    by 0x48790C3: XShmCreateImage (in /usr/lib/x86_64-linux-gnu/libXext.so.6.4.0)
==3053652==    by 0x407746: mlx_int_new_xshm_image (in /home/anieto-m/proyectos-42_GIT/solong_2/so_long)
==3053652==    by 0x407A42: mlx_new_image (in /home/anieto-m/proyectos-42_GIT/solong_2/so_long)
==3053652==    by 0x406C17: mlx_int_parse_xpm (in /home/anieto-m/proyectos-42_GIT/solong_2/so_long)
==3053652==    by 0x407051: mlx_xpm_file_to_image (in /home/anieto-m/proyectos-42_GIT/solong_2/so_long)
==3053652==    by 0x4048A3: load_player_textures (texture_loader.c:56)
==3053652==    by 0x4042C9: init_game_graphics (game_init.c:34)
==3053652==    by 0x404211: game_start (game_init.c:48)
==3053652==    by 0x40269A: load_and_start_game (main.c:67)
==3053652==    by 0x402553: main (main.c:81)
==3053652== 
==3053652== 136 bytes in 1 blocks are still reachable in loss record 58 of 78
==3053652==    at 0x484DA83: calloc (in /usr/libexec/valgrind/vgpreload_memcheck-amd64-linux.so)
==3053652==    by 0x48790C3: XShmCreateImage (in /usr/lib/x86_64-linux-gnu/libXext.so.6.4.0)
==3053652==    by 0x407746: mlx_int_new_xshm_image (in /home/anieto-m/proyectos-42_GIT/solong_2/so_long)
==3053652==    by 0x407A42: mlx_new_image (in /home/anieto-m/proyectos-42_GIT/solong_2/so_long)
==3053652==    by 0x406C17: mlx_int_parse_xpm (in /home/anieto-m/proyectos-42_GIT/solong_2/so_long)
==3053652==    by 0x407051: mlx_xpm_file_to_image (in /home/anieto-m/proyectos-42_GIT/solong_2/so_long)
==3053652==    by 0x4048DD: load_player_textures (texture_loader.c:58)
==3053652==    by 0x4042C9: init_game_graphics (game_init.c:34)
==3053652==    by 0x404211: game_start (game_init.c:48)
==3053652==    by 0x40269A: load_and_start_game (main.c:67)
==3053652==    by 0x402553: main (main.c:81)
==3053652== 
==3053652== 152 bytes in 1 blocks are still reachable in loss record 59 of 78
==3053652==    at 0x484DA83: calloc (in /usr/libexec/valgrind/vgpreload_memcheck-amd64-linux.so)
==3053652==    by 0x491F40E: XkbUseExtension (in /usr/lib/x86_64-linux-gnu/libX11.so.6.4.0)
==3053652==    by 0x48B96A8: XOpenDisplay (in /usr/lib/x86_64-linux-gnu/libX11.so.6.4.0)
==3053652==    by 0x405C17: mlx_init (in /home/anieto-m/proyectos-42_GIT/solong_2/so_long)
==3053652==    by 0x4043E2: init_mlx (game_utils.c:42)
==3053652==    by 0x404284: init_game_graphics (game_init.c:29)
==3053652==    by 0x404211: game_start (game_init.c:48)
==3053652==    by 0x40269A: load_and_start_game (main.c:67)
==3053652==    by 0x402553: main (main.c:81)
==3053652== 
==3053652== 160 bytes in 1 blocks are still reachable in loss record 60 of 78
==3053652==    at 0x4848899: malloc (in /usr/libexec/valgrind/vgpreload_memcheck-amd64-linux.so)
==3053652==    by 0x48A79EF: XCreateGC (in /usr/lib/x86_64-linux-gnu/libX11.so.6.4.0)
==3053652==    by 0x48B95A4: XOpenDisplay (in /usr/lib/x86_64-linux-gnu/libX11.so.6.4.0)
==3053652==    by 0x405C17: mlx_init (in /home/anieto-m/proyectos-42_GIT/solong_2/so_long)
==3053652==    by 0x4043E2: init_mlx (game_utils.c:42)
==3053652==    by 0x404284: init_game_graphics (game_init.c:29)
==3053652==    by 0x404211: game_start (game_init.c:48)
==3053652==    by 0x40269A: load_and_start_game (main.c:67)
==3053652==    by 0x402553: main (main.c:81)
==3053652== 
==3053652== 160 bytes in 1 blocks are still reachable in loss record 61 of 78
==3053652==    at 0x4848899: malloc (in /usr/libexec/valgrind/vgpreload_memcheck-amd64-linux.so)
==3053652==    by 0x48B9710: XOpenDisplay (in /usr/lib/x86_64-linux-gnu/libX11.so.6.4.0)
==3053652==    by 0x405C17: mlx_init (in /home/anieto-m/proyectos-42_GIT/solong_2/so_long)
==3053652==    by 0x4043E2: init_mlx (game_utils.c:42)
==3053652==    by 0x404284: init_game_graphics (game_init.c:29)
==3053652==    by 0x404211: game_start (game_init.c:48)
==3053652==    by 0x40269A: load_and_start_game (main.c:67)
==3053652==    by 0x402553: main (main.c:81)
==3053652== 
==3053652== 160 bytes in 1 blocks are still reachable in loss record 62 of 78
==3053652==    at 0x4848899: malloc (in /usr/libexec/valgrind/vgpreload_memcheck-amd64-linux.so)
==3053652==    by 0x48A79EF: XCreateGC (in /usr/lib/x86_64-linux-gnu/libX11.so.6.4.0)
==3053652==    by 0x405E4E: mlx_new_window (in /home/anieto-m/proyectos-42_GIT/solong_2/so_long)
==3053652==    by 0x40445F: create_window (game_utils.c:50)
==3053652==    by 0x4042D2: init_game_graphics (game_init.c:35)
==3053652==    by 0x404211: game_start (game_init.c:48)
==3053652==    by 0x40269A: load_and_start_game (main.c:67)
==3053652==    by 0x402553: main (main.c:81)
==3053652== 
==3053652== 168 bytes in 1 blocks are still reachable in loss record 63 of 78
==3053652==    at 0x484DA83: calloc (in /usr/libexec/valgrind/vgpreload_memcheck-amd64-linux.so)
==3053652==    by 0x48B90B2: XOpenDisplay (in /usr/lib/x86_64-linux-gnu/libX11.so.6.4.0)
==3053652==    by 0x405C17: mlx_init (in /home/anieto-m/proyectos-42_GIT/solong_2/so_long)
==3053652==    by 0x4043E2: init_mlx (game_utils.c:42)
==3053652==    by 0x404284: init_game_graphics (game_init.c:29)
==3053652==    by 0x404211: game_start (game_init.c:48)
==3053652==    by 0x40269A: load_and_start_game (main.c:67)
==3053652==    by 0x402553: main (main.c:81)
==3053652== 
==3053652== 208 bytes in 1 blocks are still reachable in loss record 64 of 78
==3053652==    at 0x4848899: malloc (in /usr/libexec/valgrind/vgpreload_memcheck-amd64-linux.so)
==3053652==    by 0x4878AE9: ??? (in /usr/lib/x86_64-linux-gnu/libXext.so.6.4.0)
==3053652==    by 0x487A9DF: XextAddDisplay (in /usr/lib/x86_64-linux-gnu/libXext.so.6.4.0)
==3053652==    by 0x487F9E2: XShmQueryVersion (in /usr/lib/x86_64-linux-gnu/libXext.so.6.4.0)
==3053652==    by 0x405A53: mlx_int_deal_shm (in /home/anieto-m/proyectos-42_GIT/solong_2/so_long)
==3053652==    by 0x405CD1: mlx_init (in /home/anieto-m/proyectos-42_GIT/solong_2/so_long)
==3053652==    by 0x4043E2: init_mlx (game_utils.c:42)
==3053652==    by 0x404284: init_game_graphics (game_init.c:29)
==3053652==    by 0x404211: game_start (game_init.c:48)
==3053652==    by 0x40269A: load_and_start_game (main.c:67)
==3053652==    by 0x402553: main (main.c:81)
==3053652== 
==3053652== 208 bytes in 1 blocks are still reachable in loss record 65 of 78
==3053652==    at 0x4848899: malloc (in /usr/libexec/valgrind/vgpreload_memcheck-amd64-linux.so)
==3053652==    by 0x48CAFAE: _XEnq (in /usr/lib/x86_64-linux-gnu/libX11.so.6.4.0)
==3053652==    by 0x48CDBB6: ??? (in /usr/lib/x86_64-linux-gnu/libX11.so.6.4.0)
==3053652==    by 0x48CEEC0: _XReadEvents (in /usr/lib/x86_64-linux-gnu/libX11.so.6.4.0)
==3053652==    by 0x48CF205: XWindowEvent (in /usr/lib/x86_64-linux-gnu/libX11.so.6.4.0)
==3053652==    by 0x406175: mlx_int_wait_first_expose (in /home/anieto-m/proyectos-42_GIT/solong_2/so_long)
==3053652==    by 0x405E8D: mlx_new_window (in /home/anieto-m/proyectos-42_GIT/solong_2/so_long)
==3053652==    by 0x40445F: create_window (game_utils.c:50)
==3053652==    by 0x4042D2: init_game_graphics (game_init.c:35)
==3053652==    by 0x404211: game_start (game_init.c:48)
==3053652==    by 0x40269A: load_and_start_game (main.c:67)
==3053652==    by 0x402553: main (main.c:81)
==3053652== 
==3053652== 232 bytes in 1 blocks are still reachable in loss record 66 of 78
==3053652==    at 0x4848899: malloc (in /usr/libexec/valgrind/vgpreload_memcheck-amd64-linux.so)
==3053652==    by 0x404311: allocate_game_memory (game_utils.c:21)
==3053652==    by 0x4041E0: game_start (game_init.c:44)
==3053652==    by 0x40269A: load_and_start_game (main.c:67)
==3053652==    by 0x402553: main (main.c:81)
==3053652== 
==3053652== 416 bytes in 2 blocks are still reachable in loss record 67 of 78
==3053652==    at 0x4848899: malloc (in /usr/libexec/valgrind/vgpreload_memcheck-amd64-linux.so)
==3053652==    by 0x48CAFAE: _XEnq (in /usr/lib/x86_64-linux-gnu/libX11.so.6.4.0)
==3053652==    by 0x48CDBB6: ??? (in /usr/lib/x86_64-linux-gnu/libX11.so.6.4.0)
==3053652==    by 0x48CEEC0: _XReadEvents (in /usr/lib/x86_64-linux-gnu/libX11.so.6.4.0)
==3053652==    by 0x48CF1D0: XWindowEvent (in /usr/lib/x86_64-linux-gnu/libX11.so.6.4.0)
==3053652==    by 0x406175: mlx_int_wait_first_expose (in /home/anieto-m/proyectos-42_GIT/solong_2/so_long)
==3053652==    by 0x405E8D: mlx_new_window (in /home/anieto-m/proyectos-42_GIT/solong_2/so_long)
==3053652==    by 0x40445F: create_window (game_utils.c:50)
==3053652==    by 0x4042D2: init_game_graphics (game_init.c:35)
==3053652==    by 0x404211: game_start (game_init.c:48)
==3053652==    by 0x40269A: load_and_start_game (main.c:67)
==3053652==    by 0x402553: main (main.c:81)
==3053652== 
==3053652== 512 bytes in 1 blocks are still reachable in loss record 68 of 78
==3053652==    at 0x484DA83: calloc (in /usr/libexec/valgrind/vgpreload_memcheck-amd64-linux.so)
==3053652==    by 0x48B446A: ??? (in /usr/lib/x86_64-linux-gnu/libX11.so.6.4.0)
==3053652==    by 0x48B484E: XInternAtom (in /usr/lib/x86_64-linux-gnu/libX11.so.6.4.0)
==3053652==    by 0x405CAB: mlx_init (in /home/anieto-m/proyectos-42_GIT/solong_2/so_long)
==3053652==    by 0x4043E2: init_mlx (game_utils.c:42)
==3053652==    by 0x404284: init_game_graphics (game_init.c:29)
==3053652==    by 0x404211: game_start (game_init.c:48)
==3053652==    by 0x40269A: load_and_start_game (main.c:67)
==3053652==    by 0x402553: main (main.c:81)
==3053652== 
==3053652== 936 bytes in 1 blocks are still reachable in loss record 69 of 78
==3053652==    at 0x4848899: malloc (in /usr/libexec/valgrind/vgpreload_memcheck-amd64-linux.so)
==3053652==    by 0x405DB0: mlx_new_window (in /home/anieto-m/proyectos-42_GIT/solong_2/so_long)
==3053652==    by 0x40445F: create_window (game_utils.c:50)
==3053652==    by 0x4042D2: init_game_graphics (game_init.c:35)
==3053652==    by 0x404211: game_start (game_init.c:48)
==3053652==    by 0x40269A: load_and_start_game (main.c:67)
==3053652==    by 0x402553: main (main.c:81)
==3053652== 
==3053652== 1,872 bytes in 9 blocks are still reachable in loss record 70 of 78
==3053652==    at 0x4848899: malloc (in /usr/libexec/valgrind/vgpreload_memcheck-amd64-linux.so)
==3053652==    by 0x48CAFAE: _XEnq (in /usr/lib/x86_64-linux-gnu/libX11.so.6.4.0)
==3053652==    by 0x48CDBB6: ??? (in /usr/lib/x86_64-linux-gnu/libX11.so.6.4.0)
==3053652==    by 0x48CEF01: _XReadEvents (in /usr/lib/x86_64-linux-gnu/libX11.so.6.4.0)
==3053652==    by 0x48CF1D0: XWindowEvent (in /usr/lib/x86_64-linux-gnu/libX11.so.6.4.0)
==3053652==    by 0x406175: mlx_int_wait_first_expose (in /home/anieto-m/proyectos-42_GIT/solong_2/so_long)
==3053652==    by 0x405E8D: mlx_new_window (in /home/anieto-m/proyectos-42_GIT/solong_2/so_long)
==3053652==    by 0x40445F: create_window (game_utils.c:50)
==3053652==    by 0x4042D2: init_game_graphics (game_init.c:35)
==3053652==    by 0x404211: game_start (game_init.c:48)
==3053652==    by 0x40269A: load_and_start_game (main.c:67)
==3053652==    by 0x402553: main (main.c:81)
==3053652== 
==3053652== 2,496 bytes in 12 blocks are still reachable in loss record 71 of 78
==3053652==    at 0x4848899: malloc (in /usr/libexec/valgrind/vgpreload_memcheck-amd64-linux.so)
==3053652==    by 0x48CAFAE: _XEnq (in /usr/lib/x86_64-linux-gnu/libX11.so.6.4.0)
==3053652==    by 0x48CDBB6: ??? (in /usr/lib/x86_64-linux-gnu/libX11.so.6.4.0)
==3053652==    by 0x48CEF01: _XReadEvents (in /usr/lib/x86_64-linux-gnu/libX11.so.6.4.0)
==3053652==    by 0x48CF205: XWindowEvent (in /usr/lib/x86_64-linux-gnu/libX11.so.6.4.0)
==3053652==    by 0x406175: mlx_int_wait_first_expose (in /home/anieto-m/proyectos-42_GIT/solong_2/so_long)
==3053652==    by 0x405E8D: mlx_new_window (in /home/anieto-m/proyectos-42_GIT/solong_2/so_long)
==3053652==    by 0x40445F: create_window (game_utils.c:50)
==3053652==    by 0x4042D2: init_game_graphics (game_init.c:35)
==3053652==    by 0x404211: game_start (game_init.c:48)
==3053652==    by 0x40269A: load_and_start_game (main.c:67)
==3053652==    by 0x402553: main (main.c:81)
==3053652== 
==3053652== 4,704 bytes in 1 blocks are still reachable in loss record 72 of 78
==3053652==    at 0x484DA83: calloc (in /usr/libexec/valgrind/vgpreload_memcheck-amd64-linux.so)
==3053652==    by 0x48B8B31: XOpenDisplay (in /usr/lib/x86_64-linux-gnu/libX11.so.6.4.0)
==3053652==    by 0x405C17: mlx_init (in /home/anieto-m/proyectos-42_GIT/solong_2/so_long)
==3053652==    by 0x4043E2: init_mlx (game_utils.c:42)
==3053652==    by 0x404284: init_game_graphics (game_init.c:29)
==3053652==    by 0x404211: game_start (game_init.c:48)
==3053652==    by 0x40269A: load_and_start_game (main.c:67)
==3053652==    by 0x402553: main (main.c:81)
==3053652== 
==3053652== 6,032 bytes in 29 blocks are still reachable in loss record 73 of 78
==3053652==    at 0x4848899: malloc (in /usr/libexec/valgrind/vgpreload_memcheck-amd64-linux.so)
==3053652==    by 0x48CAFAE: _XEnq (in /usr/lib/x86_64-linux-gnu/libX11.so.6.4.0)
==3053652==    by 0x48CDBB6: ??? (in /usr/lib/x86_64-linux-gnu/libX11.so.6.4.0)
==3053652==    by 0x48CDC69: _XEventsQueued (in /usr/lib/x86_64-linux-gnu/libX11.so.6.4.0)
==3053652==    by 0x48A887D: XFlush (in /usr/lib/x86_64-linux-gnu/libX11.so.6.4.0)
==3053652==    by 0x406317: mlx_string_put (in /home/anieto-m/proyectos-42_GIT/solong_2/so_long)
==3053652==    by 0x403A05: render_ui (game_render.c:93)
==3053652==    by 0x40390D: render (game_render.c:108)
==3053652==    by 0x404238: game_start (game_init.c:53)
==3053652==    by 0x40269A: load_and_start_game (main.c:67)
==3053652==    by 0x402553: main (main.c:81)
==3053652== 
==3053652== 7,488 bytes in 36 blocks are still reachable in loss record 74 of 78
==3053652==    at 0x4848899: malloc (in /usr/libexec/valgrind/vgpreload_memcheck-amd64-linux.so)
==3053652==    by 0x48CAFAE: _XEnq (in /usr/lib/x86_64-linux-gnu/libX11.so.6.4.0)
==3053652==    by 0x48CDBB6: ??? (in /usr/lib/x86_64-linux-gnu/libX11.so.6.4.0)
==3053652==    by 0x48CDC69: _XEventsQueued (in /usr/lib/x86_64-linux-gnu/libX11.so.6.4.0)
==3053652==    by 0x48A887D: XFlush (in /usr/lib/x86_64-linux-gnu/libX11.so.6.4.0)
==3053652==    by 0x403C03: render_tile (game_render.c:60)
==3053652==    by 0x403968: render_map (game_render.c:74)
==3053652==    by 0x403904: render (game_render.c:107)
==3053652==    by 0x404238: game_start (game_init.c:53)
==3053652==    by 0x40269A: load_and_start_game (main.c:67)
==3053652==    by 0x402553: main (main.c:81)
==3053652== 
==3053652== 12,308 bytes in 1 blocks are still reachable in loss record 75 of 78
==3053652==    at 0x484DCD3: realloc (in /usr/libexec/valgrind/vgpreload_memcheck-amd64-linux.so)
==3053652==    by 0x4CEA4FB: xcb_connect_to_fd (in /usr/lib/x86_64-linux-gnu/libxcb.so.1.1.0)
==3053652==    by 0x4CEAE6B: xcb_connect_to_display_with_auth_info (in /usr/lib/x86_64-linux-gnu/libxcb.so.1.1.0)
==3053652==    by 0x48C8EE9: _XConnectXCB (in /usr/lib/x86_64-linux-gnu/libX11.so.6.4.0)
==3053652==    by 0x48B8B68: XOpenDisplay (in /usr/lib/x86_64-linux-gnu/libX11.so.6.4.0)
==3053652==    by 0x405C17: mlx_init (in /home/anieto-m/proyectos-42_GIT/solong_2/so_long)
==3053652==    by 0x4043E2: init_mlx (game_utils.c:42)
==3053652==    by 0x404284: init_game_graphics (game_init.c:29)
==3053652==    by 0x404211: game_start (game_init.c:48)
==3053652==    by 0x40269A: load_and_start_game (main.c:67)
==3053652==    by 0x402553: main (main.c:81)
==3053652== 
==3053652== 16,384 bytes in 1 blocks are still reachable in loss record 76 of 78
==3053652==    at 0x484DA83: calloc (in /usr/libexec/valgrind/vgpreload_memcheck-amd64-linux.so)
==3053652==    by 0x48B8EBE: XOpenDisplay (in /usr/lib/x86_64-linux-gnu/libX11.so.6.4.0)
==3053652==    by 0x405C17: mlx_init (in /home/anieto-m/proyectos-42_GIT/solong_2/so_long)
==3053652==    by 0x4043E2: init_mlx (game_utils.c:42)
==3053652==    by 0x404284: init_game_graphics (game_init.c:29)
==3053652==    by 0x404211: game_start (game_init.c:48)
==3053652==    by 0x40269A: load_and_start_game (main.c:67)
==3053652==    by 0x402553: main (main.c:81)
==3053652== 
==3053652== 21,168 bytes in 1 blocks are still reachable in loss record 77 of 78
==3053652==    at 0x484DA83: calloc (in /usr/libexec/valgrind/vgpreload_memcheck-amd64-linux.so)
==3053652==    by 0x4CEA204: xcb_connect_to_fd (in /usr/lib/x86_64-linux-gnu/libxcb.so.1.1.0)
==3053652==    by 0x4CEAE6B: xcb_connect_to_display_with_auth_info (in /usr/lib/x86_64-linux-gnu/libxcb.so.1.1.0)
==3053652==    by 0x48C8EE9: _XConnectXCB (in /usr/lib/x86_64-linux-gnu/libX11.so.6.4.0)
==3053652==    by 0x48B8B68: XOpenDisplay (in /usr/lib/x86_64-linux-gnu/libX11.so.6.4.0)
==3053652==    by 0x405C17: mlx_init (in /home/anieto-m/proyectos-42_GIT/solong_2/so_long)
==3053652==    by 0x4043E2: init_mlx (game_utils.c:42)
==3053652==    by 0x404284: init_game_graphics (game_init.c:29)
==3053652==    by 0x404211: game_start (game_init.c:48)
==3053652==    by 0x40269A: load_and_start_game (main.c:67)
==3053652==    by 0x402553: main (main.c:81)
==3053652== 
==3053652== 28,224 bytes in 2 blocks are still reachable in loss record 78 of 78
==3053652==    at 0x484DA83: calloc (in /usr/libexec/valgrind/vgpreload_memcheck-amd64-linux.so)
==3053652==    by 0x48B9290: XOpenDisplay (in /usr/lib/x86_64-linux-gnu/libX11.so.6.4.0)
==3053652==    by 0x405C17: mlx_init (in /home/anieto-m/proyectos-42_GIT/solong_2/so_long)
==3053652==    by 0x4043E2: init_mlx (game_utils.c:42)
==3053652==    by 0x404284: init_game_graphics (game_init.c:29)
==3053652==    by 0x404211: game_start (game_init.c:48)
==3053652==    by 0x40269A: load_and_start_game (main.c:67)
==3053652==    by 0x402553: main (main.c:81)
==3053652== 
==3053652== LEAK SUMMARY:
==3053652==    definitely lost: 0 bytes in 0 blocks
==3053652==    indirectly lost: 0 bytes in 0 blocks
==3053652==      possibly lost: 0 bytes in 0 blocks
==3053652==    still reachable: 108,696 bytes in 167 blocks
==3053652==         suppressed: 0 bytes in 0 blocks
==3053652== 
==3053652== For lists of detected and suppressed errors, rerun with: -s
==3053652== ERROR SUMMARY: 0 errors from 0 contexts (suppressed: 1 from 1)
